<?xml version="1.0" encoding="UTF-8" ?>
<testsuite tests="10" failures="0" name="dbfacades.FacadeTest" time="0.239" errors="0" skipped="0">
  <properties>
[...]
</properties>
  <testcase classname="dbfacades.FacadeTest" name="testCreateOrderLine" time="0.196"/>
  <testcase classname="dbfacades.FacadeTest" name="testCreateOrder" time="0.013"/>
  <testcase classname="dbfacades.FacadeTest" name="testFindCustomerByPrimaryKey" time="0.001"/>
  <testcase classname="dbfacades.FacadeTest" name="testGetAllCustomers" time="0.002"/>
  <testcase classname="dbfacades.FacadeTest" name="testGetOrdersForCustomer" time="0.002"/>
  <testcase classname="dbfacades.FacadeTest" name="testFindCustomerByEmail" time="0.002"/>
  <testcase classname="dbfacades.FacadeTest" name="testAddOrderToCustomer" time="0.006"/>
  <testcase classname="dbfacades.FacadeTest" name="testFindCustomerByName" time="0.003"/>
  <testcase classname="dbfacades.FacadeTest" name="testCreateItemType" time="0.009"/>
  <testcase classname="dbfacades.FacadeTest" name="testCreateEmployee" time="0.005"/>
</testsuite>